<?xml version="1.0" encoding="UTF-8"?>
<testng-results skipped="0" failed="0" ignored="1" total="4" passed="3">
  <reporter-output>
  </reporter-output>
  <suite name="Default suite" duration-ms="64" started-at="2018-01-11T14:04:22Z" finished-at="2018-01-11T14:04:22Z">
    <groups>
    </groups>
    <test name="Default test" duration-ms="64" started-at="2018-01-11T14:04:22Z" finished-at="2018-01-11T14:04:22Z">
      <class name="testngFramework.prioritytestcase">
        <test-method status="PASS" signature="login()[pri:1, instance:testngFramework.prioritytestcase@58651fd0]" name="login" duration-ms="11" started-at="2018-01-11T19:34:22Z" finished-at="2018-01-11T19:34:22Z">
          <reporter-output>
          </reporter-output>
        </test-method> <!-- login -->
        <test-method status="PASS" signature="open()[pri:3, instance:testngFramework.prioritytestcase@58651fd0]" name="open" duration-ms="5" started-at="2018-01-11T19:34:22Z" finished-at="2018-01-11T19:34:22Z">
          <reporter-output>
          </reporter-output>
        </test-method> <!-- open -->
        <test-method status="PASS" signature="close()[pri:4, instance:testngFramework.prioritytestcase@58651fd0]" name="close" duration-ms="5" started-at="2018-01-11T19:34:22Z" finished-at="2018-01-11T19:34:22Z">
          <reporter-output>
          </reporter-output>
        </test-method> <!-- close -->
      </class> <!-- testngFramework.prioritytestcase -->
    </test> <!-- Default test -->
  </suite> <!-- Default suite -->
</testng-results>
