<?xml version="1.0" encoding="UTF-8"?>
<!-- Generated by org.testng.reporters.JUnitXMLReporter -->
<testsuite hostname="DESKTOP-57RVCCV" ignored="2" name="Test" tests="4" failures="0" timestamp="11 Jan 2018 13:41:26 GMT" time="0.067" errors="0">
  <testcase name="test1" time="0.014" classname="testngFramework.Groupingtestcase1"/>
  <testcase name="test3" time="0.002" classname="testngFramework.Groupingtestcase1"/>
  <testcase name="test1" time="0.003" classname="testngFramework.Groupingtestcase2"/>
  <testcase name="test3" time="0.002" classname="testngFramework.Groupingtestcase2"/>
  <testcase name="test2" time="0.0" classname="testngFramework.Groupingtestcase1">
    <ignored/>
  </testcase> <!-- test2 -->
  <testcase name="test2" time="0.0" classname="testngFramework.Groupingtestcase2">
    <ignored/>
  </testcase> <!-- test2 -->
</testsuite> <!-- Test -->
