<?xml version="1.0" encoding="UTF-8"?>
<!-- Generated by org.testng.reporters.JUnitXMLReporter -->
<testsuite hostname="DESKTOP-57RVCCV" ignored="0" name="Test2" tests="10" failures="0" timestamp="10 Jan 2018 14:28:20 GMT" time="0.104" errors="0">
  <testcase name="test1" time="0.014" classname="testngFramework.Paralleltestexecution"/>
  <testcase name="test2" time="0.009" classname="testngFramework.Paralleltestexecution"/>
  <testcase name="test3" time="0.004" classname="testngFramework.Paralleltestexecution"/>
  <testcase name="test4" time="0.006" classname="testngFramework.Paralleltestexecution"/>
  <testcase name="test5" time="0.003" classname="testngFramework.Paralleltestexecution"/>
  <testcase name="test10" time="0.002" classname="testngFramework.Paralleltestexecution2"/>
  <testcase name="test6" time="0.006" classname="testngFramework.Paralleltestexecution2"/>
  <testcase name="test7" time="0.003" classname="testngFramework.Paralleltestexecution2"/>
  <testcase name="test8" time="0.002" classname="testngFramework.Paralleltestexecution2"/>
  <testcase name="test9" time="0.003" classname="testngFramework.Paralleltestexecution2"/>
</testsuite> <!-- Test2 -->
