<?xml version="1.0" encoding="UTF-8"?>
<!-- Generated by org.testng.reporters.JUnitXMLReporter -->
<testsuite hostname="DESKTOP-57RVCCV" ignored="1" name="Default test" tests="3" failures="0" timestamp="11 Jan 2018 14:04:22 GMT" time="0.064" errors="0">
  <testcase name="login" time="0.011" classname="testngFramework.prioritytestcase"/>
  <testcase name="open" time="0.005" classname="testngFramework.prioritytestcase"/>
  <testcase name="close" time="0.005" classname="testngFramework.prioritytestcase"/>
  <testcase name="lanch" time="0.0" classname="testngFramework.prioritytestcase">
    <ignored/>
  </testcase> <!-- lanch -->
</testsuite> <!-- Default test -->
